#### 10.2.1.4 哈希连接优化

默认情况下，MySQL（8.0.18及以后版本）尽可能使用哈希连接。可以通过使用BNL和NO_BNL优化器提示之一，或者将`block_nested_loop=on`或`block_nested_loop=off`设置为`optimizer_switch`服务器系统变量的一部分来控制是否使用哈希连接。

> **注意**
>
> MySQL 8.0.18支持在`optimizer_switch`中设置`hash_join`标志，以及优化器提示`HASH_JOIN`和`NO_HASH_JOIN`。在MySQL 8.0.19及以后版本中，这些都不再有任何效果。

从MySQL 8.0.18开始，MySQL对于每个连接都有等值连接条件的任何查询使用哈希连接，且没有任何可应用于任何连接条件的索引，如下所示：

```sql
SELECT *
    FROM t1
    JOIN t2
        ON t1.c1 = t2.c1;
```

当有一个或多个索引可用于单表谓词时，也可以使用哈希连接。

哈希连接通常比块嵌套循环算法（参见块嵌套循环连接算法）更快，且旨在替代MySQL以前版本中使用的块嵌套循环算法。从MySQL 8.0.20开始，删除了对块嵌套循环的支持，服务器在以前使用块嵌套循环的地方使用哈希连接。

在以下示例和本节中的其余示例中，我们假设使用以下语句创建了三个表t1、t2和t3：

```sql
CREATE TABLE t1 (c1 INT, c2 INT);
CREATE TABLE t2 (c1 INT, c2 INT);
CREATE TABLE t3 (c1 INT, c2 INT);
```

您可以通过使用EXPLAIN来查看是否正在使用哈希连接，如下所示：

```sql
mysql> EXPLAIN
    -> SELECT * FROM t1
    ->     JOIN t2 ON t1.c1 = t2.c1\G
*************************** 1. row ***************************
           id: 1
  select_type: SIMPLE
        table: t1
   partitions: NULL
         type: ALL
possible_keys: NULL
          key: NULL
      key_len: NULL
          ref: NULL
         rows: 1
     filtered: 100.00
        Extra: NULL
*************************** 2. row ***************************
           id: 1
  select_type: SIMPLE
        table: t2
   partitions: NULL
         type: ALL
possible_keys: NULL
          key: NULL
      key_len: NULL
          ref: NULL
         rows: 1
     filtered: 100.00
        Extra: Using where; Using join buffer (hash join)
```

（在MySQL 8.0.20之前，需要包括FORMAT=TREE选项才能看到是否对给定的连接使用哈希连接。）

EXPLAIN ANALYZE还显示了使用哈希连接的信息。

哈希连接也用于涉及多个连接的查询，只要每对表的至少一个连接条件是等值连接，如下所示的查询：

```sql
SELECT * FROM t1
    JOIN t2 ON (t1.c1 = t2.c1 AND t1.c2 < t2.c2)
    JOIN t3 ON (t2.c1 = t3.c1);
```

在像刚才显示的这种情况下，使用内连接，任何非等值连接的额外条件都在执行连接后作为过滤器应用。（对于外连接，如左连接、半连接和反连接，它们被打印为连接的一部分。）这可以在EXPLAIN的输出中看到：

```sql
mysql> EXPLAIN FORMAT=TREE
    -> SELECT *
    ->     FROM t1
    ->     JOIN t2
    ->         ON (t1.c1 = t2.c1 AND t1.c2 < t2.c2)
    ->     JOIN t3
    ->         ON (t2.c1 = t3.c1)\G
*************************** 1. row ***************************
EXPLAIN:

 -> Inner hash join (t3.c1 = t1.c1)  (cost=1.05 rows=1)
    -> Table scan on t3  (cost=0.35 rows=1)
    -> Hash
        -> Filter: (t1.c2 < t2.c2)  (cost=0.70 rows=1)
            -> Inner hash join (t2.c1 = t1.c1)  (cost=0.70 rows=1)
                -> Table scan on t2  (cost=0.35 rows=1)
                -> Hash
                    -> Table scan on t1  (cost=0.35 rows=1)
```

如上所示的输出中也可以看到，对于具有多个等值连接条件的连接，可以（并且会）使用多个哈希连接。

在MySQL 8.0.20之前，如果任何一对连接的表没有至少一个等值连接条件，则无法使用哈希连接，而是使用较慢的块嵌套循环算法。在MySQL 8.0.20及以后版本中，如下所示，在这种情况下使用哈希连接：

```sql
mysql> EXPLAIN FORMAT=TREE
    -> SELECT * FROM t1
    ->     JOIN t2 ON (t1.c1 = t2.c1)
    ->     JOIN t3 ON (t2.c1 < t3.c1)\G
*************************** 1. row ***************************
EXPLAIN: -> Filter: (t1.c1 < t3.c1)  (cost=1.05 rows=1)
    -> Inner hash join (no condition)  (cost=1.05 rows=1)
        -> Table scan on t3  (cost=0.35 rows=1)
        -> Hash
            -> Inner hash join (t2.c1 = t1.c1)  (cost=0.70 rows=1)
                -> Table scan on t2  (cost=0.35 rows=1)
                -> Hash
                    -> Table scan on t1  (cost=0.35 rows=1)
```

（本节后面还提供了其他示例。）

哈希连接也适用于笛卡尔积——也就是说，当没有指定连接条件时，如下所示：

```sql
mysql> EXPLAIN FORMAT=TREE
    -> SELECT *
    ->     FROM t1
    ->     JOIN t2
    ->     WHERE t1.c2 > 50\G
*************************** 1. row ***************************
EXPLAIN: -> Inner hash join  (cost=0.70 rows=1)
    -> Table scan on t2  (cost=0.35 rows=1)
    -> Hash
        -> Filter: (t1.c2 > 50)  (cost=0.35 rows=1)
            -> Table scan on t1  (cost=0.35 rows=1)
```

在MySQL 8.0.20及以后版本中，不再需要连接中至少有一个等值连接条件才能使用哈希连接。这意味着可以使用哈希连接优化的查询类型包括以下列表中的类型（附示例）：

- 内连接非等值连接：

  ```sql
  mysql> EXPLAIN FORMAT=TREE SELECT * FROM t1 JOIN t2 ON t1.c1 < t2.c1\G
  *************************** 1. row ***************************
  EXPLAIN: -> Filter: (t1.c1 < t2.c1)  (cost=4.70 rows=12)
      -> Inner hash join (no condition)  (cost=4.70 rows=12)
          -> Table scan on t2  (cost=0.08 rows=6)
          -> Hash
              -> Table scan on t1  (cost=0.85 rows=6)
  ```

- 半连接：

  ```sql
  mysql> EXPLAIN FORMAT=TREE SELECT * FROM t1 
      ->     WHERE t1.c1 IN (SELECT t2.c2 FROM t2)\G
  *************************** 1. row ***************************
  EXPLAIN: -> Hash semijoin (t2.c2 = t1.c1)  (cost=0.70 rows=1)
      -> Table scan on t1  (cost=0.35 rows=1)
      -> Hash
          -> Table scan on t2  (cost=0.35 rows=1)
  ```

- 反连接：

  ```sql
  mysql> EXPLAIN FORMAT=TREE SELECT * FROM t2 
      ->     WHERE NOT EXISTS (SELECT * FROM t1 WHERE t1.c1 = t2
  
  .c1)\G
  *************************** 1. row ***************************
  EXPLAIN: -> Hash antijoin (t1.c1 = t2.c1)  (cost=0.70 rows=1)
      -> Table scan on t2  (cost=0.35 rows=1)
      -> Hash
          -> Table scan on t1  (cost=0.35 rows=1)
  ```

- 左外连接：

  ```sql
  mysql> EXPLAIN FORMAT=TREE SELECT * FROM t1 LEFT JOIN t2 ON t1.c1 = t2.c1\G
  *************************** 1. row ***************************
  EXPLAIN: -> Left hash join (t2.c1 = t1.c1)  (cost=0.70 rows=1)
      -> Table scan on t1  (cost=0.35 rows=1)
      -> Hash
          -> Table scan on t2  (cost=0.35 rows=1)
  ```

- 右外连接（注意MySQL将所有右外连接重写为左外连接）：

  ```sql
  mysql> EXPLAIN FORMAT=TREE SELECT * FROM t1 RIGHT JOIN t2 ON t1.c1 = t2.c1\G
  *************************** 1. row ***************************
  EXPLAIN: -> Left hash join (t1.c1 = t2.c1)  (cost=0.70 rows=1)
      -> Table scan on t2  (cost=0.35 rows=1)
      -> Hash
          -> Table scan on t1  (cost=0.35 rows=1)
  ```


默认情况下，MySQL 8.0.18及以后版本尽可能使用哈希连接。可以通过使用BNL和NO_BNL优化器提示之一来控制是否使用哈希连接。

（MySQL 8.0.18支持在`optimizer_switch`服务器系统变量中设置`hash_join=on`或`hash_join=off`，以及优化器提示`HASH_JOIN`或`NO_HASH_JOIN`。在MySQL 8.0.19及以后版本中，这些不再有任何效果。）

哈希连接的内存使用可以使用`join_buffer_size`系统变量进行控制；哈希连接不能使用超过此数量的内存。当哈希连接所需的内存超过可用量时，MySQL通过使用磁盘上的文件来处理这种情况。如果发生这种情况，您应该知道，如果哈希连接无法适应内存并且创建的文件超过了`open_files_limit`设置的数量，连接可能不会成功。为避免这种问题，可以进行以下任一更改：

- 增加`join_buffer_size`，使哈希连接不会溢出到磁盘。

- 增加`open_files_limit`。


从MySQL 8.0.18开始，哈希连接的连接缓冲区是增量分配的；因此，您可以将`join_buffer_size`设置得更高，而不会导致小查询分配大量RAM，但外连接会分配整个缓冲区。在MySQL 8.0.20及以后版本中，哈希连接也用于外连接（包括反连接和半连接），因此这不再是问题。