#### 10.2.2.5 派生条件下推优化

MySQL 8.0.22 及更高版本支持适用于合格子查询的派生条件下推。对于诸如 `SELECT * FROM (SELECT i, j FROM t1) AS dt WHERE i > constant` 这样的查询，在许多情况下可以将外部 `WHERE` 条件下推到派生表中，在这种情况下结果为 `SELECT * FROM (SELECT i, j FROM t1 WHERE i > constant) AS dt`。当派生表无法合并到外部查询中（例如，如果派生表使用聚合），将外部 `WHERE` 条件下推到派生表应该减少需要处理的行数，从而加快查询执行速度。

> **注意**
>
> 在 MySQL 8.0.22 之前，如果派生表已物化但未合并，MySQL 会物化整个表，然后使用 `WHERE` 条件对所有结果行进行限定。如果未启用派生条件下推，或由于某些其他原因无法使用派生条件下推，仍然是这种情况。

在以下情况下，可以将外部 `WHERE` 条件下推到派生的物化表：

- 当派生表不使用聚合或窗口函数时，外部 `WHERE` 条件可以直接下推到派生表。这包括具有多个通过 `AND`、`OR` 或两者连接的谓词的 `WHERE` 条件。

  例如，查询 `SELECT * FROM (SELECT f1, f2 FROM t1) AS dt WHERE f1 < 3 AND f2 > 11` 被重写为 `SELECT f1, f2 FROM (SELECT f1, f2 FROM t1 WHERE f1 < 3 AND f2 > 11) AS dt`。

- 当派生表使用 `GROUP BY` 并且不使用窗口函数时，引用一个或多个不属于 `GROUP BY` 的列的外部 `WHERE` 条件可以作为 `HAVING` 条件下推到派生表。

  例如，`SELECT * FROM (SELECT i, j, SUM(k) AS sum FROM t1 GROUP BY i, j) AS dt WHERE sum > 100` 在派生条件下推后被重写为 `SELECT * FROM (SELECT i, j, SUM(k) AS sum FROM t1 GROUP BY i, j HAVING sum > 100) AS dt`。

- 当派生表使用 `GROUP BY` 且外部 `WHERE` 条件中的列是 `GROUP BY` 列时，引用这些列的 `WHERE` 条件可以直接下推到派生表。

  例如，查询 `SELECT * FROM (SELECT i,j, SUM(k) AS sum FROM t1 GROUP BY i,j) AS dt WHERE i > 10` 被重写为 `SELECT * FROM (SELECT i,j, SUM(k) AS sum FROM t1 WHERE i > 10 GROUP BY i,j) AS dt`。

  如果外部 `WHERE` 条件中有引用属于 `GROUP BY` 的列的谓词和引用不属于 `GROUP BY` 的列的谓词，则前者的谓词作为 `WHERE` 条件下推，而后者的谓词作为 `HAVING` 条件下推。例如，在查询 `SELECT * FROM (SELECT i, j, SUM(k) AS sum FROM t1 GROUP BY i,j) AS dt WHERE i > 10 AND sum > 100` 中，外部 `WHERE` 子句中的谓词 `i > 10` 引用的是 `GROUP BY` 列，而谓词 `sum > 100` 不引用任何 `GROUP BY` 列。因此，派生表下推优化会使查询被重写如下所示：

    ```sql
    SELECT * FROM (
        SELECT i, j, SUM(k) AS sum FROM t1
            WHERE i > 10
            GROUP BY i, j
            HAVING sum > 100
        ) AS dt;
    ```

要启用派生条件下推，`optimizer_switch` 系统变量的 `derived_condition_pushdown` 标志（在此版本中添加）必须设置为 `on`，这是默认设置。如果通过 `optimizer_switch` 禁用此优化，可以使用 `DERIVED_CONDITION_PUSHDOWN` 优化器提示为特定查询启用它。要为给定查询禁用优化，请使用 `NO_DERIVED_CONDITION_PUSHDOWN` 优化器提示。

派生表条件下推优化适用以下限制和限制：

- 如果派生表包含 `UNION`，则无法使用该优化。此限制在 MySQL 8.0.29 中取消。考虑两个表 `t1` 和 `t2` 以及包含它们联合的视图 `v`，如下所示创建：

  ```sql
  CREATE TABLE t1 (
    id INT NOT NULL AUTO_INCREMENT PRIMARY KEY, 
    c1 INT, 
    KEY i1 (c1)
  );
  
  CREATE TABLE t2 (
    id INT NOT NULL AUTO_INCREMENT PRIMARY KEY, 
    c1 INT, 
    KEY i1 (c1)
  );
  
  CREATE OR REPLACE VIEW v AS
       SELECT id, c1 FROM t1
       UNION ALL
       SELECT id, c1 FROM t2;
  ```

  在查询 `SELECT * FROM v WHERE c1 = 12` 的 `EXPLAIN` 输出中，可以看到条件被下推到派生表中的两个查询块：

  ```sql
  mysql> EXPLAIN FORMAT=TREE SELECT * FROM v WHERE c1 = 12\G
  *************************** 1. row ***************************
  EXPLAIN: -> Table scan on v  (cost=1.26..2.52 rows=2)
      -> Union materialize  (cost=2.16..3.42 rows=2)
          -> Covering index lookup on t1 using i1 (c1=12)  (cost=0.35 rows=1)
          -> Covering index lookup on t2 using i1 (c1=12)  (cost=0.35 rows=1)
  
  1 row in set (0.00 sec)
  ```

  在 MySQL 8.0.29 及更高版本中，可以将派生表条件下推优化与 `UNION` 查询一起使用，但有以下例外：

  - 如果 `UNION` 中的任何物化派生表是递归公用表表达式（参见递归公用表表达式），则不能使用条件下推。
  - 含有不确定表达式的条件不能下推到派生表。

- 派生表不能使用 `LIMIT` 子句。

- 含有子查询的条件不能下推。

- 如果派生表是外连接的内表，则不能使用该优化。

- 如果物化的派生表是公用表表达式，并且多次引用它，则不会将条件下推到它。

- 使用参数的条件可以下推，如果条件的形式是 `derived_column > ?`。如果外部 `WHERE` 条件中的派生列是底层派生表中带有 `?` 的表达式，则不能下推此条件。

- 对于在视图上创建的查询，其中条件是在使用 `ALGORITHM=TEMPTABLE` 而不是视图本身的表上，则在解析时无法识别多个等式，因此不能下推条件。这是因为在优化查询时，条件下推发生在解析阶段，而多个等式传播发生在优化期间。

    对于使用 `ALGORITHM=MERGE` 的视图，这种情况不是问题，其中可以传播等式并下推条件。

- 从 MySQL 8.0.28 开始，如果派生表的 `SELECT` 列表包含任何用户变量的赋值，则不能下推条件。（bug #104918）